<?xml version="1.0" encoding="UTF-8"?>
<!-- Generated by org.testng.reporters.JUnitXMLReporter -->
<testsuite ignored="5" hostname="DESKTOP-CCGKBQ7" failures="1" tests="1" name="Default test" time="54.811" errors="0" timestamp="2024-12-28T19:58:48 IST">
  <testcase classname="com.zeninbox.authentication.TestLoginPage" name="verifyLoginWithLeadingAndTrailingSpacesInPassword" time="51.546">
    <failure type="java.lang.AssertionError" message="Failed to trim leading and trailing spaces in Password. 
 
Expected condition failed: waiting for url to be &amp;quot;https://staging.zeninbox.ai/conversation/inbox&amp;quot;. Current url: &amp;quot;https://staging.zeninbox.ai/sign-in?redirect_url=https%3A%2F%2Flocalhost%3A8080%2Fconversation%2Finbox&amp;quot; (tried for 20 second(s) with 500 milliseconds interval)
Build info: version: &amp;apos;3.141.59&amp;apos;, revision: &amp;apos;e82be7d358&amp;apos;, time: &amp;apos;2018-11-14T08:17:03&amp;apos;
System info: host: &amp;apos;DESKTOP-CCGKBQ7&amp;apos;, ip: &amp;apos;172.20.10.8&amp;apos;, os.name: &amp;apos;Windows 10&amp;apos;, os.arch: &amp;apos;amd64&amp;apos;, os.version: &amp;apos;10.0&amp;apos;, java.version: &amp;apos;17.0.10&amp;apos;
Driver info: org.openqa.selenium.chrome.ChromeDriver
Capabilities {acceptInsecureCerts: false, browserName: chrome, browserVersion: 131.0.6778.205, chrome: {chromedriverVersion: 131.0.6778.204 (52183f9e99a..., userDataDir: C:\Users\admin\AppData\Loca...}, fedcm:accounts: true, goog:chromeOptions: {debuggerAddress: localhost:58625}, javascriptEnabled: true, networkConnectionEnabled: false, pageLoadStrategy: normal, platform: WINDOWS, platformName: WINDOWS, proxy: Proxy(), setWindowRect: true, strictFileInteractability: false, timeouts: {implicit: 0, pageLoad: 300000, script: 30000}, unhandledPromptBehavior: dismiss and notify, webauthn:extension:credBlob: true, webauthn:extension:largeBlob: true, webauthn:extension:minPinLength: true, webauthn:extension:prf: true, webauthn:virtualAuthenticators: true}
Session ID: 4e7a13951947d0fa63cfbf81b2f95213">
      <![CDATA[java.lang.AssertionError: Failed to trim leading and trailing spaces in Password. 
 
Expected condition failed: waiting for url to be "https://staging.zeninbox.ai/conversation/inbox". Current url: "https://staging.zeninbox.ai/sign-in?redirect_url=https%3A%2F%2Flocalhost%3A8080%2Fconversation%2Finbox" (tried for 20 second(s) with 500 milliseconds interval)
Build info: version: '3.141.59', revision: 'e82be7d358', time: '2018-11-14T08:17:03'
System info: host: 'DESKTOP-CCGKBQ7', ip: '172.20.10.8', os.name: 'Windows 10', os.arch: 'amd64', os.version: '10.0', java.version: '17.0.10'
Driver info: org.openqa.selenium.chrome.ChromeDriver
Capabilities {acceptInsecureCerts: false, browserName: chrome, browserVersion: 131.0.6778.205, chrome: {chromedriverVersion: 131.0.6778.204 (52183f9e99a..., userDataDir: C:\Users\admin\AppData\Loca...}, fedcm:accounts: true, goog:chromeOptions: {debuggerAddress: localhost:58625}, javascriptEnabled: true, networkConnectionEnabled: false, pageLoadStrategy: normal, platform: WINDOWS, platformName: WINDOWS, proxy: Proxy(), setWindowRect: true, strictFileInteractability: false, timeouts: {implicit: 0, pageLoad: 300000, script: 30000}, unhandledPromptBehavior: dismiss and notify, webauthn:extension:credBlob: true, webauthn:extension:largeBlob: true, webauthn:extension:minPinLength: true, webauthn:extension:prf: true, webauthn:virtualAuthenticators: true}
Session ID: 4e7a13951947d0fa63cfbf81b2f95213
at org.testng.Assert.fail(Assert.java:99)
at com.zeninbox.authentication.TestLoginPage.verifyLoginWithLeadingAndTrailingSpacesInPassword(TestLoginPage.java:82)
at java.base/jdk.internal.reflect.NativeMethodAccessorImpl.invoke0(Native Method)
at java.base/jdk.internal.reflect.NativeMethodAccessorImpl.invoke(NativeMethodAccessorImpl.java:77)
at java.base/jdk.internal.reflect.DelegatingMethodAccessorImpl.invoke(DelegatingMethodAccessorImpl.java:43)
at java.base/java.lang.reflect.Method.invoke(Method.java:568)
at org.testng.internal.MethodInvocationHelper.invokeMethod(MethodInvocationHelper.java:133)
at org.testng.internal.TestInvoker.invokeMethod(TestInvoker.java:598)
at org.testng.internal.TestInvoker.invokeTestMethod(TestInvoker.java:173)
at org.testng.internal.MethodRunner.runInSequence(MethodRunner.java:46)
at org.testng.internal.TestInvoker$MethodInvocationAgent.invoke(TestInvoker.java:824)
at org.testng.internal.TestInvoker.invokeTestMethods(TestInvoker.java:146)
at org.testng.internal.TestMethodWorker.invokeTestMethods(TestMethodWorker.java:146)
at org.testng.internal.TestMethodWorker.run(TestMethodWorker.java:128)
at java.base/java.util.ArrayList.forEach(ArrayList.java:1511)
at org.testng.TestRunner.privateRun(TestRunner.java:794)
at org.testng.TestRunner.run(TestRunner.java:596)
at org.testng.SuiteRunner.runTest(SuiteRunner.java:377)
at org.testng.SuiteRunner.runSequentially(SuiteRunner.java:371)
at org.testng.SuiteRunner.privateRun(SuiteRunner.java:332)
at org.testng.SuiteRunner.run(SuiteRunner.java:276)
at org.testng.SuiteRunnerWorker.runSuite(SuiteRunnerWorker.java:53)
at org.testng.SuiteRunnerWorker.run(SuiteRunnerWorker.java:96)
at org.testng.TestNG.runSuitesSequentially(TestNG.java:1212)
at org.testng.TestNG.runSuitesLocally(TestNG.java:1134)
at org.testng.TestNG.runSuites(TestNG.java:1063)
at org.testng.TestNG.run(TestNG.java:1031)
at org.testng.remote.AbstractRemoteTestNG.run(AbstractRemoteTestNG.java:115)
at org.testng.remote.RemoteTestNG.initAndRun(RemoteTestNG.java:293)
at org.testng.remote.RemoteTestNG.main(RemoteTestNG.java:91)
]]>
    </failure>
  </testcase> <!-- verifyLoginWithLeadingAndTrailingSpacesInPassword -->
  <testcase classname="com.zeninbox.authentication.TestLoginPage" name="verifyLoginWithInvalidPassword" time="0.0">
    <ignored/>
  </testcase> <!-- verifyLoginWithInvalidPassword -->
  <testcase classname="com.zeninbox.authentication.TestLoginPage" name="verifyLoginWithInvalidEmail" time="0.0">
    <ignored/>
  </testcase> <!-- verifyLoginWithInvalidEmail -->
  <testcase classname="com.zeninbox.authentication.TestLoginPage" name="verifyLoginButtonShuldBeDisableBeforeEnteringTheText" time="0.0">
    <ignored/>
  </testcase> <!-- verifyLoginButtonShuldBeDisableBeforeEnteringTheText -->
  <testcase classname="com.zeninbox.authentication.TestLoginPage" name="verifyLoginWithLeadingAndTrailingSpacesInEmail" time="0.0">
    <ignored/>
  </testcase> <!-- verifyLoginWithLeadingAndTrailingSpacesInEmail -->
  <testcase classname="com.zeninbox.authentication.TestLoginPage" name="verifyLoginInWithValidInput" time="0.0">
    <ignored/>
  </testcase> <!-- verifyLoginInWithValidInput -->
</testsuite> <!-- Default test -->
