<html>
<head>
<title>TestNG:  Test</title>
<link href="../testng.css" rel="stylesheet" type="text/css" />
<link href="../my-testng.css" rel="stylesheet" type="text/css" />

<style type="text/css">
.log { display: none;} 
.stack-trace { display: none;} 
</style>
<script type="text/javascript">
<!--
function flip(e) {
  current = e.style.display;
  if (current == 'block') {
    e.style.display = 'none';
    return 0;
  }
  else {
    e.style.display = 'block';
    return 1;
  }
}

function toggleBox(szDivId, elem, msg1, msg2)
{
  var res = -1;  if (document.getElementById) {
    res = flip(document.getElementById(szDivId));
  }
  else if (document.all) {
    // this is the way old msie versions work
    res = flip(document.all[szDivId]);
  }
  if(elem) {
    if(res == 0) elem.innerHTML = msg1; else elem.innerHTML = msg2;
  }

}

function toggleAllBoxes() {
  if (document.getElementsByTagName) {
    d = document.getElementsByTagName('div');
    for (i = 0; i < d.length; i++) {
      if (d[i].className == 'log') {
        flip(d[i]);
      }
    }
  }
}

// -->
</script>

</head>
<body>
<h2 align='center'>Test</h2><table border='1' align="center">
<tr>
<td>Tests passed/Failed/Skipped:</td><td>5/1/0</td>
</tr><tr>
<td>Started on:</td><td>Mon Dec 30 15:16:23 IST 2024</td>
</tr>
<tr><td>Total time:</td><td>69 seconds (69419 ms)</td>
</tr><tr>
<td>Included groups:</td><td></td>
</tr><tr>
<td>Excluded groups:</td><td></td>
</tr>
</table><p/>
<small><i>(Hover the method name to see the test class name)</i></small><p/>
<table width='100%' border='1' class='invocation-failed'>
<tr><td colspan='4' align='center'><b>FAILED TESTS</b></td></tr>
<tr><td><b>Test method</b></td>
<td width="30%"><b>Exception</b></td>
<td width="10%"><b>Time (seconds)</b></td>
<td><b>Instance</b></td>
</tr>
<tr>
<td title='com.zeninbox.authentication.TestLoginPage.verifyLoginWithLeadingAndTrailingSpacesInPassword()'><b>verifyLoginWithLeadingAndTrailingSpacesInPassword</b><br>Test class: com.zeninbox.authentication.TestLoginPage</td>
<td><div><pre>java.lang.AssertionError: Failed to trim leading and trailing spaces in Password. 
 
Expected condition failed: waiting for url to be &quot;https://staging.zeninbox.ai/conversation/inbox&quot;. Current url: &quot;https://staging.zeninbox.ai/sign-in?redirect_url=https%3A%2F%2Flocalhost%3A8080%2Fconversation%2Finbox&quot; (tried for 20 second(s) with 500 milliseconds interval)
Build info: version: &apos;3.141.59&apos;, revision: &apos;e82be7d358&apos;, time: &apos;2018-11-14T08:17:03&apos;
System info: host: &apos;DESKTOP-CCGKBQ7&apos;, ip: &apos;192.168.29.42&apos;, os.name: &apos;Windows 10&apos;, os.arch: &apos;amd64&apos;, os.version: &apos;10.0&apos;, java.version: &apos;17.0.10&apos;
Driver info: org.openqa.selenium.chrome.ChromeDriver
Capabilities {acceptInsecureCerts: false, browserName: chrome, browserVersion: 131.0.6778.205, chrome: {chromedriverVersion: 131.0.6778.204 (52183f9e99a..., userDataDir: C:\Users\admin\AppData\Loca...}, fedcm:accounts: true, goog:chromeOptions: {debuggerAddress: localhost:56486}, javascriptEnabled: true, networkConnectionEnabled: false, pageLoadStrategy: normal, platform: WINDOWS, platformName: WINDOWS, proxy: Proxy(), setWindowRect: true, strictFileInteractability: false, timeouts: {implicit: 0, pageLoad: 300000, script: 30000}, unhandledPromptBehavior: dismiss and notify, webauthn:extension:credBlob: true, webauthn:extension:largeBlob: true, webauthn:extension:minPinLength: true, webauthn:extension:prf: true, webauthn:virtualAuthenticators: true}
Session ID: 078ead4ded55e924f10edae906014d0e
	at com.zeninbox.authentication.TestLoginPage.verifyLoginWithLeadingAndTrailingSpacesInPassword(TestLoginPage.java:82)
	at java.base/java.util.ArrayList.forEach(ArrayList.java:1511)
... Removed 28 stack frames</pre></div><a href='#' onClick='toggleBox("stack-trace319144230", this, "Click to show all stack frames", "Click to hide stack frames")'>Click to show all stack frames</a>
<div class='stack-trace' id='stack-trace319144230'><pre>java.lang.AssertionError: Failed to trim leading and trailing spaces in Password. 
 
Expected condition failed: waiting for url to be &quot;https://staging.zeninbox.ai/conversation/inbox&quot;. Current url: &quot;https://staging.zeninbox.ai/sign-in?redirect_url=https%3A%2F%2Flocalhost%3A8080%2Fconversation%2Finbox&quot; (tried for 20 second(s) with 500 milliseconds interval)
Build info: version: &apos;3.141.59&apos;, revision: &apos;e82be7d358&apos;, time: &apos;2018-11-14T08:17:03&apos;
System info: host: &apos;DESKTOP-CCGKBQ7&apos;, ip: &apos;192.168.29.42&apos;, os.name: &apos;Windows 10&apos;, os.arch: &apos;amd64&apos;, os.version: &apos;10.0&apos;, java.version: &apos;17.0.10&apos;
Driver info: org.openqa.selenium.chrome.ChromeDriver
Capabilities {acceptInsecureCerts: false, browserName: chrome, browserVersion: 131.0.6778.205, chrome: {chromedriverVersion: 131.0.6778.204 (52183f9e99a..., userDataDir: C:\Users\admin\AppData\Loca...}, fedcm:accounts: true, goog:chromeOptions: {debuggerAddress: localhost:56486}, javascriptEnabled: true, networkConnectionEnabled: false, pageLoadStrategy: normal, platform: WINDOWS, platformName: WINDOWS, proxy: Proxy(), setWindowRect: true, strictFileInteractability: false, timeouts: {implicit: 0, pageLoad: 300000, script: 30000}, unhandledPromptBehavior: dismiss and notify, webauthn:extension:credBlob: true, webauthn:extension:largeBlob: true, webauthn:extension:minPinLength: true, webauthn:extension:prf: true, webauthn:virtualAuthenticators: true}
Session ID: 078ead4ded55e924f10edae906014d0e
	at org.testng.Assert.fail(Assert.java:99)
	at com.zeninbox.authentication.TestLoginPage.verifyLoginWithLeadingAndTrailingSpacesInPassword(TestLoginPage.java:82)
	at java.base/jdk.internal.reflect.NativeMethodAccessorImpl.invoke0(Native Method)
	at java.base/jdk.internal.reflect.NativeMethodAccessorImpl.invoke(NativeMethodAccessorImpl.java:77)
	at java.base/jdk.internal.reflect.DelegatingMethodAccessorImpl.invoke(DelegatingMethodAccessorImpl.java:43)
	at java.base/java.lang.reflect.Method.invoke(Method.java:568)
	at org.testng.internal.MethodInvocationHelper.invokeMethod(MethodInvocationHelper.java:133)
	at org.testng.internal.TestInvoker.invokeMethod(TestInvoker.java:598)
	at org.testng.internal.TestInvoker.invokeTestMethod(TestInvoker.java:173)
	at org.testng.internal.MethodRunner.runInSequence(MethodRunner.java:46)
	at org.testng.internal.TestInvoker$MethodInvocationAgent.invoke(TestInvoker.java:824)
	at org.testng.internal.TestInvoker.invokeTestMethods(TestInvoker.java:146)
	at org.testng.internal.TestMethodWorker.invokeTestMethods(TestMethodWorker.java:146)
	at org.testng.internal.TestMethodWorker.run(TestMethodWorker.java:128)
	at java.base/java.util.ArrayList.forEach(ArrayList.java:1511)
	at org.testng.TestRunner.privateRun(TestRunner.java:794)
	at org.testng.TestRunner.run(TestRunner.java:596)
	at org.testng.SuiteRunner.runTest(SuiteRunner.java:377)
	at org.testng.SuiteRunner.runSequentially(SuiteRunner.java:371)
	at org.testng.SuiteRunner.privateRun(SuiteRunner.java:332)
	at org.testng.SuiteRunner.run(SuiteRunner.java:276)
	at org.testng.SuiteRunnerWorker.runSuite(SuiteRunnerWorker.java:53)
	at org.testng.SuiteRunnerWorker.run(SuiteRunnerWorker.java:96)
	at org.testng.TestNG.runSuitesSequentially(TestNG.java:1212)
	at org.testng.TestNG.runSuitesLocally(TestNG.java:1134)
	at org.testng.TestNG.runSuites(TestNG.java:1063)
	at org.testng.TestNG.run(TestNG.java:1031)
	at org.testng.remote.AbstractRemoteTestNG.run(AbstractRemoteTestNG.java:115)
	at org.testng.remote.RemoteTestNG.initAndRun(RemoteTestNG.java:293)
	at org.testng.remote.RemoteTestNG.main(RemoteTestNG.java:91)
</pre></div></td>
<td>23</td>
<td>com.zeninbox.authentication.TestLoginPage@141e5bef</td></tr>
</table><p>
<table width='100%' border='1' class='invocation-passed'>
<tr><td colspan='4' align='center'><b>PASSED TESTS</b></td></tr>
<tr><td><b>Test method</b></td>
<td width="30%"><b>Exception</b></td>
<td width="10%"><b>Time (seconds)</b></td>
<td><b>Instance</b></td>
</tr>
<tr>
<td title='com.zeninbox.authentication.TestLoginPage.verifyLoginInWithValidInput()'><b>verifyLoginInWithValidInput</b><br>Test class: com.zeninbox.authentication.TestLoginPage</td>
<td></td>
<td>18</td>
<td>com.zeninbox.authentication.TestLoginPage@141e5bef</td></tr>
<tr>
<td title='com.zeninbox.authentication.TestLoginPage.verifyLoginButtonShuldBeDisableBeforeEnteringTheText()'><b>verifyLoginButtonShuldBeDisableBeforeEnteringTheText</b><br>Test class: com.zeninbox.authentication.TestLoginPage</td>
<td></td>
<td>2</td>
<td>com.zeninbox.authentication.TestLoginPage@141e5bef</td></tr>
<tr>
<td title='com.zeninbox.authentication.TestLoginPage.verifyLoginWithInvalidEmail()'><b>verifyLoginWithInvalidEmail</b><br>Test class: com.zeninbox.authentication.TestLoginPage</td>
<td></td>
<td>4</td>
<td>com.zeninbox.authentication.TestLoginPage@141e5bef</td></tr>
<tr>
<td title='com.zeninbox.authentication.TestLoginPage.verifyLoginWithInvalidPassword()'><b>verifyLoginWithInvalidPassword</b><br>Test class: com.zeninbox.authentication.TestLoginPage</td>
<td></td>
<td>4</td>
<td>com.zeninbox.authentication.TestLoginPage@141e5bef</td></tr>
<tr>
<td title='com.zeninbox.authentication.TestLoginPage.verifyLoginWithLeadingAndTrailingSpacesInEmail()'><b>verifyLoginWithLeadingAndTrailingSpacesInEmail</b><br>Test class: com.zeninbox.authentication.TestLoginPage</td>
<td></td>
<td>10</td>
<td>com.zeninbox.authentication.TestLoginPage@141e5bef</td></tr>
</table><p>
</body>
</html>