<?xml version="1.0" encoding="UTF-8"?>
<testng-results ignored="0" total="6" passed="5" failed="1" skipped="0">
  <reporter-output>
  </reporter-output>
  <suite started-at="2024-12-29T11:45:49 IST" name="Suite" finished-at="2024-12-29T11:47:01 IST" duration-ms="72862">
    <groups>
    </groups>
    <test started-at="2024-12-29T11:45:49 IST" name="Test" finished-at="2024-12-29T11:47:01 IST" duration-ms="72862">
      <class name="com.zeninbox.authentication.TestLoginPage">
        <test-method is-config="true" signature="startBrowser()[pri:0, instance:com.zeninbox.authentication.TestLoginPage@141e5bef]" started-at="2024-12-29T11:45:49 IST" name="startBrowser" finished-at="2024-12-29T11:45:55 IST" duration-ms="6052" status="PASS">
          <reporter-output>
          </reporter-output>
        </test-method> <!-- startBrowser -->
        <test-method signature="verifyLoginInWithValidInput()[pri:1, instance:com.zeninbox.authentication.TestLoginPage@141e5bef]" started-at="2024-12-29T11:45:55 IST" name="verifyLoginInWithValidInput" finished-at="2024-12-29T11:46:15 IST" duration-ms="19902" status="PASS">
          <reporter-output>
          </reporter-output>
        </test-method> <!-- verifyLoginInWithValidInput -->
        <test-method signature="verifyLoginWithInvalidEmail()[pri:2, instance:com.zeninbox.authentication.TestLoginPage@141e5bef]" started-at="2024-12-29T11:46:15 IST" name="verifyLoginWithInvalidEmail" finished-at="2024-12-29T11:46:19 IST" duration-ms="4615" status="PASS">
          <reporter-output>
          </reporter-output>
        </test-method> <!-- verifyLoginWithInvalidEmail -->
        <test-method signature="verifyLoginWithInvalidPassword()[pri:3, instance:com.zeninbox.authentication.TestLoginPage@141e5bef]" started-at="2024-12-29T11:46:19 IST" name="verifyLoginWithInvalidPassword" finished-at="2024-12-29T11:46:25 IST" duration-ms="5461" status="PASS">
          <reporter-output>
          </reporter-output>
        </test-method> <!-- verifyLoginWithInvalidPassword -->
        <test-method signature="verifyLoginWithLeadingAndTrailingSpacesInEmail()[pri:4, instance:com.zeninbox.authentication.TestLoginPage@141e5bef]" started-at="2024-12-29T11:46:25 IST" name="verifyLoginWithLeadingAndTrailingSpacesInEmail" finished-at="2024-12-29T11:46:35 IST" duration-ms="10672" status="PASS">
          <reporter-output>
          </reporter-output>
        </test-method> <!-- verifyLoginWithLeadingAndTrailingSpacesInEmail -->
        <test-method signature="verifyLoginWithLeadingAndTrailingSpacesInPassword()[pri:5, instance:com.zeninbox.authentication.TestLoginPage@141e5bef]" started-at="2024-12-29T11:46:35 IST" name="verifyLoginWithLeadingAndTrailingSpacesInPassword" finished-at="2024-12-29T11:46:58 IST" duration-ms="22985" status="FAIL">
          <exception class="java.lang.AssertionError">
            <message>
              <![CDATA[Failed to trim leading and trailing spaces in Password. 
 
Expected condition failed: waiting for url to be "https://staging.zeninbox.ai/conversation/inbox". Current url: "https://staging.zeninbox.ai/sign-in?redirect_url=https%3A%2F%2Flocalhost%3A8080%2Fconversation%2Finbox" (tried for 20 second(s) with 500 milliseconds interval)
Build info: version: '3.141.59', revision: 'e82be7d358', time: '2018-11-14T08:17:03'
System info: host: 'DESKTOP-CCGKBQ7', ip: '172.20.10.8', os.name: 'Windows 10', os.arch: 'amd64', os.version: '10.0', java.version: '17.0.10'
Driver info: org.openqa.selenium.chrome.ChromeDriver
Capabilities {acceptInsecureCerts: false, browserName: chrome, browserVersion: 131.0.6778.205, chrome: {chromedriverVersion: 131.0.6778.204 (52183f9e99a..., userDataDir: C:\Users\admin\AppData\Loca...}, fedcm:accounts: true, goog:chromeOptions: {debuggerAddress: localhost:64763}, javascriptEnabled: true, networkConnectionEnabled: false, pageLoadStrategy: normal, platform: WINDOWS, platformName: WINDOWS, proxy: Proxy(), setWindowRect: true, strictFileInteractability: false, timeouts: {implicit: 0, pageLoad: 300000, script: 30000}, unhandledPromptBehavior: dismiss and notify, webauthn:extension:credBlob: true, webauthn:extension:largeBlob: true, webauthn:extension:minPinLength: true, webauthn:extension:prf: true, webauthn:virtualAuthenticators: true}
Session ID: fe466069112344a13dcad4695dd0a4af]]>
            </message>
            <full-stacktrace>
              <![CDATA[java.lang.AssertionError: Failed to trim leading and trailing spaces in Password. 
 
Expected condition failed: waiting for url to be "https://staging.zeninbox.ai/conversation/inbox". Current url: "https://staging.zeninbox.ai/sign-in?redirect_url=https%3A%2F%2Flocalhost%3A8080%2Fconversation%2Finbox" (tried for 20 second(s) with 500 milliseconds interval)
Build info: version: '3.141.59', revision: 'e82be7d358', time: '2018-11-14T08:17:03'
System info: host: 'DESKTOP-CCGKBQ7', ip: '172.20.10.8', os.name: 'Windows 10', os.arch: 'amd64', os.version: '10.0', java.version: '17.0.10'
Driver info: org.openqa.selenium.chrome.ChromeDriver
Capabilities {acceptInsecureCerts: false, browserName: chrome, browserVersion: 131.0.6778.205, chrome: {chromedriverVersion: 131.0.6778.204 (52183f9e99a..., userDataDir: C:\Users\admin\AppData\Loca...}, fedcm:accounts: true, goog:chromeOptions: {debuggerAddress: localhost:64763}, javascriptEnabled: true, networkConnectionEnabled: false, pageLoadStrategy: normal, platform: WINDOWS, platformName: WINDOWS, proxy: Proxy(), setWindowRect: true, strictFileInteractability: false, timeouts: {implicit: 0, pageLoad: 300000, script: 30000}, unhandledPromptBehavior: dismiss and notify, webauthn:extension:credBlob: true, webauthn:extension:largeBlob: true, webauthn:extension:minPinLength: true, webauthn:extension:prf: true, webauthn:virtualAuthenticators: true}
Session ID: fe466069112344a13dcad4695dd0a4af
at org.testng.Assert.fail(Assert.java:99)
at com.zeninbox.authentication.TestLoginPage.verifyLoginWithLeadingAndTrailingSpacesInPassword(TestLoginPage.java:82)
at java.base/jdk.internal.reflect.NativeMethodAccessorImpl.invoke0(Native Method)
at java.base/jdk.internal.reflect.NativeMethodAccessorImpl.invoke(NativeMethodAccessorImpl.java:77)
at java.base/jdk.internal.reflect.DelegatingMethodAccessorImpl.invoke(DelegatingMethodAccessorImpl.java:43)
at java.base/java.lang.reflect.Method.invoke(Method.java:568)
at org.testng.internal.MethodInvocationHelper.invokeMethod(MethodInvocationHelper.java:133)
at org.testng.internal.TestInvoker.invokeMethod(TestInvoker.java:598)
at org.testng.internal.TestInvoker.invokeTestMethod(TestInvoker.java:173)
at org.testng.internal.MethodRunner.runInSequence(MethodRunner.java:46)
at org.testng.internal.TestInvoker$MethodInvocationAgent.invoke(TestInvoker.java:824)
at org.testng.internal.TestInvoker.invokeTestMethods(TestInvoker.java:146)
at org.testng.internal.TestMethodWorker.invokeTestMethods(TestMethodWorker.java:146)
at org.testng.internal.TestMethodWorker.run(TestMethodWorker.java:128)
at java.base/java.util.ArrayList.forEach(ArrayList.java:1511)
at org.testng.TestRunner.privateRun(TestRunner.java:794)
at org.testng.TestRunner.run(TestRunner.java:596)
at org.testng.SuiteRunner.runTest(SuiteRunner.java:377)
at org.testng.SuiteRunner.runSequentially(SuiteRunner.java:371)
at org.testng.SuiteRunner.privateRun(SuiteRunner.java:332)
at org.testng.SuiteRunner.run(SuiteRunner.java:276)
at org.testng.SuiteRunnerWorker.runSuite(SuiteRunnerWorker.java:53)
at org.testng.SuiteRunnerWorker.run(SuiteRunnerWorker.java:96)
at org.testng.TestNG.runSuitesSequentially(TestNG.java:1212)
at org.testng.TestNG.runSuitesLocally(TestNG.java:1134)
at org.testng.TestNG.runSuites(TestNG.java:1063)
at org.testng.TestNG.run(TestNG.java:1031)
at org.testng.remote.AbstractRemoteTestNG.run(AbstractRemoteTestNG.java:115)
at org.testng.remote.RemoteTestNG.initAndRun(RemoteTestNG.java:293)
at org.testng.remote.RemoteTestNG.main(RemoteTestNG.java:91)
]]>
            </full-stacktrace>
          </exception> <!-- java.lang.AssertionError -->
          <reporter-output>
          </reporter-output>
        </test-method> <!-- verifyLoginWithLeadingAndTrailingSpacesInPassword -->
        <test-method signature="verifyLoginButtonShuldBeDisableBeforeEnteringTheText()[pri:6, instance:com.zeninbox.authentication.TestLoginPage@141e5bef]" started-at="2024-12-29T11:46:59 IST" name="verifyLoginButtonShuldBeDisableBeforeEnteringTheText" finished-at="2024-12-29T11:47:01 IST" duration-ms="2503" status="PASS">
          <reporter-output>
          </reporter-output>
        </test-method> <!-- verifyLoginButtonShuldBeDisableBeforeEnteringTheText -->
        <test-method is-config="true" signature="closeBrowser()[pri:0, instance:com.zeninbox.authentication.TestLoginPage@141e5bef]" started-at="2024-12-29T11:47:01 IST" name="closeBrowser" finished-at="2024-12-29T11:47:01 IST" duration-ms="147" status="PASS">
          <reporter-output>
          </reporter-output>
        </test-method> <!-- closeBrowser -->
      </class> <!-- com.zeninbox.authentication.TestLoginPage -->
    </test> <!-- Test -->
  </suite> <!-- Suite -->
</testng-results>
