<?xml version="1.0" encoding="UTF-8"?>
<!-- Generated by org.testng.reporters.JUnitReportReporter -->
<testsuite hostname="DESKTOP-CCGKBQ7" failures="1" tests="6" name="com.zeninbox.authentication.TestLoginPage" time="64.163" errors="0" timestamp="2024-12-30T15:17:34 IST" skipped="0">
  <testcase classname="com.zeninbox.authentication.TestLoginPage" name="verifyLoginInWithValidInput" time="18.988"/>
  <system-out/>
  <testcase classname="com.zeninbox.authentication.TestLoginPage" name="verifyLoginWithInvalidEmail" time="4.654"/>
  <system-out/>
  <testcase classname="com.zeninbox.authentication.TestLoginPage" name="verifyLoginWithInvalidPassword" time="4.539"/>
  <system-out/>
  <testcase classname="com.zeninbox.authentication.TestLoginPage" name="verifyLoginWithLeadingAndTrailingSpacesInEmail" time="10.784"/>
  <system-out/>
  <testcase classname="com.zeninbox.authentication.TestLoginPage" name="verifyLoginWithLeadingAndTrailingSpacesInPassword" time="23.099">
    <failure message="Failed to trim leading and trailing spaces in Password. 
 
Expected condition failed: waiting for url to be &quot;https://staging.zeninbox.ai/conversation/inbox&quot;. Current url: &quot;https://staging.zeninbox.ai/sign-in?redirect_url=https%3A%2F%2Flocalhost%3A8080%2Fconversation%2Finbox&quot; (tried for 20 second(s) with 500 milliseconds interval)
Build info: version: &#039;3.141.59&#039;, revision: &#039;e82be7d358&#039;, time: &#039;2018-11-14T08:17:03&#039;
System info: host: &#039;DESKTOP-CCGKBQ7&#039;, ip: &#039;192.168.29.42&#039;, os.name: &#039;Windows 10&#039;, os.arch: &#039;amd64&#039;, os.version: &#039;10.0&#039;, java.version: &#039;17.0.10&#039;
Driver info: org.openqa.selenium.chrome.ChromeDriver
Capabilities {acceptInsecureCerts: false, browserName: chrome, browserVersion: 131.0.6778.205, chrome: {chromedriverVersion: 131.0.6778.204 (52183f9e99a..., userDataDir: C:\Users\admin\AppData\Loca...}, fedcm:accounts: true, goog:chromeOptions: {debuggerAddress: localhost:56486}, javascriptEnabled: true, networkConnectionEnabled: false, pageLoadStrategy: normal, platform: WINDOWS, platformName: WINDOWS, proxy: Proxy(), setWindowRect: true, strictFileInteractability: false, timeouts: {implicit: 0, pageLoad: 300000, script: 30000}, unhandledPromptBehavior: dismiss and notify, webauthn:extension:credBlob: true, webauthn:extension:largeBlob: true, webauthn:extension:minPinLength: true, webauthn:extension:prf: true, webauthn:virtualAuthenticators: true}
Session ID: 078ead4ded55e924f10edae906014d0e" type="java.lang.AssertionError">
      <![CDATA[java.lang.AssertionError: Failed to trim leading and trailing spaces in Password. 
 
Expected condition failed: waiting for url to be "https://staging.zeninbox.ai/conversation/inbox". Current url: "https://staging.zeninbox.ai/sign-in?redirect_url=https%3A%2F%2Flocalhost%3A8080%2Fconversation%2Finbox" (tried for 20 second(s) with 500 milliseconds interval)
Build info: version: '3.141.59', revision: 'e82be7d358', time: '2018-11-14T08:17:03'
System info: host: 'DESKTOP-CCGKBQ7', ip: '192.168.29.42', os.name: 'Windows 10', os.arch: 'amd64', os.version: '10.0', java.version: '17.0.10'
Driver info: org.openqa.selenium.chrome.ChromeDriver
Capabilities {acceptInsecureCerts: false, browserName: chrome, browserVersion: 131.0.6778.205, chrome: {chromedriverVersion: 131.0.6778.204 (52183f9e99a..., userDataDir: C:\Users\admin\AppData\Loca...}, fedcm:accounts: true, goog:chromeOptions: {debuggerAddress: localhost:56486}, javascriptEnabled: true, networkConnectionEnabled: false, pageLoadStrategy: normal, platform: WINDOWS, platformName: WINDOWS, proxy: Proxy(), setWindowRect: true, strictFileInteractability: false, timeouts: {implicit: 0, pageLoad: 300000, script: 30000}, unhandledPromptBehavior: dismiss and notify, webauthn:extension:credBlob: true, webauthn:extension:largeBlob: true, webauthn:extension:minPinLength: true, webauthn:extension:prf: true, webauthn:virtualAuthenticators: true}
Session ID: 078ead4ded55e924f10edae906014d0e
at org.testng.Assert.fail(Assert.java:99)
at com.zeninbox.authentication.TestLoginPage.verifyLoginWithLeadingAndTrailingSpacesInPassword(TestLoginPage.java:82)
at java.base/jdk.internal.reflect.NativeMethodAccessorImpl.invoke0(Native Method)
at java.base/jdk.internal.reflect.NativeMethodAccessorImpl.invoke(NativeMethodAccessorImpl.java:77)
at java.base/jdk.internal.reflect.DelegatingMethodAccessorImpl.invoke(DelegatingMethodAccessorImpl.java:43)
at java.base/java.lang.reflect.Method.invoke(Method.java:568)
at org.testng.internal.MethodInvocationHelper.invokeMethod(MethodInvocationHelper.java:133)
at org.testng.internal.TestInvoker.invokeMethod(TestInvoker.java:598)
at org.testng.internal.TestInvoker.invokeTestMethod(TestInvoker.java:173)
at org.testng.internal.MethodRunner.runInSequence(MethodRunner.java:46)
at org.testng.internal.TestInvoker$MethodInvocationAgent.invoke(TestInvoker.java:824)
at org.testng.internal.TestInvoker.invokeTestMethods(TestInvoker.java:146)
at org.testng.internal.TestMethodWorker.invokeTestMethods(TestMethodWorker.java:146)
at org.testng.internal.TestMethodWorker.run(TestMethodWorker.java:128)
at java.base/java.util.ArrayList.forEach(ArrayList.java:1511)
at org.testng.TestRunner.privateRun(TestRunner.java:794)
at org.testng.TestRunner.run(TestRunner.java:596)
at org.testng.SuiteRunner.runTest(SuiteRunner.java:377)
at org.testng.SuiteRunner.runSequentially(SuiteRunner.java:371)
at org.testng.SuiteRunner.privateRun(SuiteRunner.java:332)
at org.testng.SuiteRunner.run(SuiteRunner.java:276)
at org.testng.SuiteRunnerWorker.runSuite(SuiteRunnerWorker.java:53)
at org.testng.SuiteRunnerWorker.run(SuiteRunnerWorker.java:96)
at org.testng.TestNG.runSuitesSequentially(TestNG.java:1212)
at org.testng.TestNG.runSuitesLocally(TestNG.java:1134)
at org.testng.TestNG.runSuites(TestNG.java:1063)
at org.testng.TestNG.run(TestNG.java:1031)
at org.testng.remote.AbstractRemoteTestNG.run(AbstractRemoteTestNG.java:115)
at org.testng.remote.RemoteTestNG.initAndRun(RemoteTestNG.java:293)
at org.testng.remote.RemoteTestNG.main(RemoteTestNG.java:91)
]]>
    </failure>
  </testcase> <!-- verifyLoginWithLeadingAndTrailingSpacesInPassword -->
  <system-out/>
  <testcase classname="com.zeninbox.authentication.TestLoginPage" name="verifyLoginButtonShuldBeDisableBeforeEnteringTheText" time="2.099"/>
  <system-out/>
</testsuite> <!-- com.zeninbox.authentication.TestLoginPage -->
